<?xml version="1.0" encoding="UTF-8"?>
<!-- Generated by org.testng.reporters.JUnitReportReporter -->
<testsuite hostname="LAPTOP-IKS9SD1L" failures="0" tests="1" name="TestNGPrograms.SecondTest" time="0.020" errors="0" timestamp="2022-07-23T19:41:21 IST" skipped="0">
  <testcase classname="TestNGPrograms.SecondTest" name="second" time="0.020"/>
  <system-out/>
</testsuite> <!-- TestNGPrograms.SecondTest -->
