<?xml version="1.0" encoding="UTF-8"?>
<!-- Generated by org.testng.reporters.JUnitReportReporter -->
<testsuite hostname="LAPTOP-IKS9SD1L" failures="0" tests="2" name="TestNGPrograms.FirstTest" time="6.477" errors="0" timestamp="2022-07-22T20:13:18 IST" skipped="0">
  <testcase classname="TestNGPrograms.FirstTest" name="second" time="0.781"/>
  <system-out/>
  <testcase classname="TestNGPrograms.FirstTest" name="first" time="5.696"/>
  <system-out/>
</testsuite> <!-- TestNGPrograms.FirstTest -->
