<?xml version="1.0" encoding="UTF-8"?>
<!-- Generated by org.testng.reporters.JUnitReportReporter -->
<testsuite hostname="LAPTOP-IKS9SD1L" failures="0" tests="1" name="TestNGPrograms.NewTest" time="5.791" errors="0" timestamp="2022-07-22T20:22:04 IST" skipped="0">
  <testcase classname="TestNGPrograms.NewTest" name="lauchChrome" time="5.791"/>
  <system-out/>
</testsuite> <!-- TestNGPrograms.NewTest -->
