<?xml version="1.0" encoding="UTF-8"?>
<!-- Generated by org.testng.reporters.JUnitReportReporter -->
<testsuite hostname="LAPTOP-IKS9SD1L" failures="0" tests="2" name="TestNGPrograms.AnnotationTest" time="0.011" errors="0" timestamp="2022-07-22T20:44:55 IST" skipped="0">
  <testcase classname="TestNGPrograms.AnnotationTest" name="s" time="0.002"/>
  <system-out/>
  <testcase classname="TestNGPrograms.AnnotationTest" name="f" time="0.009"/>
  <system-out/>
</testsuite> <!-- TestNGPrograms.AnnotationTest -->
