<?xml version="1.0" encoding="UTF-8"?>
<!-- Generated by org.testng.reporters.JUnitReportReporter -->
<testsuite hostname="LAPTOP-IKS9SD1L" failures="0" tests="1" name="TestNGPrograms.zerodhaTest" time="10.147" errors="0" timestamp="2022-07-30T20:03:10 IST" skipped="0">
  <testcase classname="TestNGPrograms.zerodhaTest" name="kitelogin" time="10.147"/>
  <system-out/>
</testsuite> <!-- TestNGPrograms.zerodhaTest -->
