<?xml version="1.0" encoding="UTF-8"?>
<!-- Generated by org.testng.reporters.JUnitReportReporter -->
<testsuite hostname="LAPTOP-IKS9SD1L" failures="0" tests="2" name="TestNGPrograms.optionalParameter" time="0.018" errors="0" timestamp="2022-07-26T20:52:47 IST" skipped="0">
  <testcase classname="TestNGPrograms.optionalParameter" name="opt1" time="0.003"/>
  <system-out/>
  <testcase classname="TestNGPrograms.optionalParameter" name="opt" time="0.015"/>
  <system-out/>
</testsuite> <!-- TestNGPrograms.optionalParameter -->
