<?xml version="1.0" encoding="UTF-8"?>
<!-- Generated by org.testng.reporters.JUnitReportReporter -->
<testsuite hostname="LAPTOP-IKS9SD1L" failures="0" tests="2" name="TestNGPrograms.GroupTest" time="9.703" errors="0" timestamp="2022-07-23T20:44:02 IST" skipped="0">
  <testcase classname="TestNGPrograms.GroupTest" name="launchBrowser" time="5.461"/>
  <system-out/>
  <testcase classname="TestNGPrograms.GroupTest" name="teardown" time="4.242"/>
  <system-out/>
</testsuite> <!-- TestNGPrograms.GroupTest -->
