<?xml version="1.0" encoding="UTF-8"?>
<!-- Generated by org.testng.reporters.JUnitReportReporter -->
<testsuite hostname="LAPTOP-IKS9SD1L" failures="0" tests="2" name="TestNGPrograms.ParameterDemo" time="0.014" errors="0" timestamp="2022-07-26T20:26:33 IST" skipped="0">
  <testcase classname="TestNGPrograms.ParameterDemo" name="diff" time="0.012"/>
  <system-out/>
  <testcase classname="TestNGPrograms.ParameterDemo" name="sum" time="0.002"/>
  <system-out/>
</testsuite> <!-- TestNGPrograms.ParameterDemo -->
