<?xml version="1.0" encoding="UTF-8"?>
<!-- Generated by org.testng.reporters.JUnitReportReporter -->
<testsuite hostname="LAPTOP-IKS9SD1L" failures="0" tests="2" name="TestNGPrograms.NewdpTest" time="0.017" errors="0" timestamp="2022-07-27T20:43:32 IST" skipped="0">
  <testcase classname="TestNGPrograms.NewdpTest" name="f" time="0.015"/>
  <system-out/>
  <testcase classname="TestNGPrograms.NewdpTest" name="f" time="0.002"/>
  <system-out/>
</testsuite> <!-- TestNGPrograms.NewdpTest -->
