<?xml version="1.0" encoding="UTF-8"?>
<!-- Generated by org.testng.reporters.JUnitReportReporter -->
<testsuite hostname="LAPTOP-IKS9SD1L" failures="0" tests="4" name="TestNGPrograms.GroupDependencyDemo" time="9.148" errors="0" timestamp="2022-07-25T20:07:20 IST" skipped="0">
  <testcase classname="TestNGPrograms.GroupDependencyDemo" name="teardown" time="0.343"/>
  <system-out/>
  <testcase classname="TestNGPrograms.GroupDependencyDemo" name="launchBrowser" time="8.289"/>
  <system-out/>
  <testcase classname="TestNGPrograms.GroupDependencyDemo" name="checkTitle" time="0.032"/>
  <system-out/>
  <testcase classname="TestNGPrograms.GroupDependencyDemo" name="login" time="0.484"/>
  <system-out/>
</testsuite> <!-- TestNGPrograms.GroupDependencyDemo -->
