<?xml version="1.0" encoding="UTF-8"?>
<!-- Generated by org.testng.reporters.JUnitReportReporter -->
<testsuite hostname="LAPTOP-IKS9SD1L" failures="0" tests="1" name="TestNGPrograms.SuperClass" time="3.433" errors="0" timestamp="2022-07-25T19:56:24 IST" skipped="0">
  <testcase classname="TestNGPrograms.SuperClass" name="launchBrowser" time="3.433"/>
  <system-out/>
</testsuite> <!-- TestNGPrograms.SuperClass -->
