<?xml version="1.0" encoding="UTF-8"?>
<!-- Generated by org.testng.reporters.JUnitReportReporter -->
<testsuite hostname="LAPTOP-IKS9SD1L" failures="0" tests="4" name="TestNGPrograms.ChildClass" time="6.145" errors="0" timestamp="2022-07-25T19:56:24 IST" skipped="0">
  <testcase classname="TestNGPrograms.ChildClass" name="login" time="0.407"/>
  <system-out/>
  <testcase classname="TestNGPrograms.ChildClass" name="checkTitle" time="0.034"/>
  <system-out/>
  <testcase classname="TestNGPrograms.ChildClass" name="launchBrowser" time="5.408"/>
  <system-out/>
  <testcase classname="TestNGPrograms.ChildClass" name="teardown" time="0.296"/>
  <system-out/>
</testsuite> <!-- TestNGPrograms.ChildClass -->
