<?xml version="1.0" encoding="UTF-8"?>
<!-- Generated by org.testng.reporters.JUnitReportReporter -->
<testsuite hostname="LAPTOP-IKS9SD1L" failures="0" tests="2" name="TestNGPrograms.GroupDepencency" time="0.025" errors="0" timestamp="2022-07-25T19:51:27 IST" skipped="0">
  <testcase classname="TestNGPrograms.GroupDepencency" name="viewAccount" time="0.006"/>
  <system-out/>
  <testcase classname="TestNGPrograms.GroupDepencency" name="login" time="0.019"/>
  <system-out/>
</testsuite> <!-- TestNGPrograms.GroupDepencency -->
