<?xml version="1.0" encoding="UTF-8"?>
<!-- Generated by org.testng.reporters.JUnitReportReporter -->
<testsuite hostname="LAPTOP-IKS9SD1L" failures="0" tests="12" name="TestNGPrograms.DataPTest" time="0.016" errors="0" timestamp="2022-07-27T19:43:39 IST" skipped="0">
  <testcase classname="TestNGPrograms.DataPTest" name="f" time="0.001"/>
  <system-out/>
  <testcase classname="TestNGPrograms.DataPTest" name="f" time="0.001"/>
  <system-out/>
  <testcase classname="TestNGPrograms.DataPTest" name="f" time="0.001"/>
  <system-out/>
  <testcase classname="TestNGPrograms.DataPTest" name="f" time="0.005"/>
  <system-out/>
  <testcase classname="TestNGPrograms.DataPTest" name="f" time="0.000"/>
  <system-out/>
  <testcase classname="TestNGPrograms.DataPTest" name="f" time="0.001"/>
  <system-out/>
  <testcase classname="TestNGPrograms.DataPTest" name="f" time="0.000"/>
  <system-out/>
  <testcase classname="TestNGPrograms.DataPTest" name="f" time="0.001"/>
  <system-out/>
  <testcase classname="TestNGPrograms.DataPTest" name="f" time="0.002"/>
  <system-out/>
  <testcase classname="TestNGPrograms.DataPTest" name="f" time="0.001"/>
  <system-out/>
  <testcase classname="TestNGPrograms.DataPTest" name="f" time="0.002"/>
  <system-out/>
  <testcase classname="TestNGPrograms.DataPTest" name="f" time="0.001"/>
  <system-out/>
</testsuite> <!-- TestNGPrograms.DataPTest -->
