<?xml version="1.0" encoding="UTF-8"?>
<!-- Generated by org.testng.reporters.JUnitReportReporter -->
<testsuite hostname="LAPTOP-IKS9SD1L" failures="0" tests="4" name="TestNGPrograms.dependencyDemo" time="9.053" errors="0" timestamp="2022-07-25T20:23:37 IST" skipped="0">
  <testcase classname="TestNGPrograms.dependencyDemo" name="launchBrowser" time="6.203"/>
  <system-out/>
  <testcase classname="TestNGPrograms.dependencyDemo" name="teardown" time="0.362"/>
  <system-out/>
  <testcase classname="TestNGPrograms.dependencyDemo" name="checkTitle" time="2.000"/>
  <system-out/>
  <testcase classname="TestNGPrograms.dependencyDemo" name="login" time="0.488"/>
  <system-out/>
</testsuite> <!-- TestNGPrograms.dependencyDemo -->
