<?xml version="1.0" encoding="UTF-8"?>
<!-- Generated by org.testng.reporters.JUnitReportReporter -->
<testsuite hostname="LAPTOP-IKS9SD1L" failures="0" tests="5" name="TestNGPrograms.NewChromeTest" time="13.683" errors="0" timestamp="2022-07-29T20:21:43 IST" skipped="0">
  <testcase classname="TestNGPrograms.NewChromeTest" name="launcgChrome" time="7.009"/>
  <system-out/>
  <testcase classname="TestNGPrograms.NewChromeTest" name="loginkite" time="2.689"/>
  <system-out/>
  <testcase classname="TestNGPrograms.NewChromeTest" name="loginkitepin" time="3.384"/>
  <system-out/>
  <testcase classname="TestNGPrograms.NewChromeTest" name="CheckTitleTest" time="0.032"/>
  <system-out/>
  <testcase classname="TestNGPrograms.NewChromeTest" name="teardown" time="0.569"/>
  <system-out/>
</testsuite> <!-- TestNGPrograms.NewChromeTest -->
